2026-05-19 03:44:47,999 - ml-backend - INFO - {"event": "Starting FastAPI backend...", "logger": "ml-backend", "level": "info", "timestamp": "2026-05-19T00:44:47.999249Z"}
2026-05-19 03:44:48,146 - ml-backend - ERROR - {"event": "Model load failed for brain: 'collections.OrderedDict' object has no attribute 'eval'", "logger": "ml-backend", "level": "error", "timestamp": "2026-05-19T00:44:48.146706Z"}
2026-05-19 03:44:48,180 - ml-backend - ERROR - {"event": "Model load failed for breast: 'collections.OrderedDict' object has no attribute 'eval'", "logger": "ml-backend", "level": "error", "timestamp": "2026-05-19T00:44:48.180724Z"}
2026-05-19 03:44:48,200 - ml-backend - ERROR - {"event": "Model load failed for xray: Can't get attribute 'PneumoniaCNN' on <module 'uvicorn.__main__' from 'C:\\\\Users\\\\grand\\\\AppData\\\\Roaming\\\\Python\\\\Python312\\\\site-packages\\\\uvicorn\\\\__main__.py'>", "logger": "ml-backend", "level": "error", "timestamp": "2026-05-19T00:44:48.200075Z"}
2026-05-19 03:45:02,643 - ml-backend - INFO - {"event": "Sklearn/Joblib model loaded for heart", "logger": "ml-backend", "level": "info", "timestamp": "2026-05-19T00:45:02.643874Z"}
2026-05-19 03:45:03,380 - ml-backend - INFO - {"event": "Sklearn/Joblib model loaded for diabetes", "logger": "ml-backend", "level": "info", "timestamp": "2026-05-19T00:45:03.380291Z"}
2026-05-19 03:45:03,380 - ml-backend - INFO - {"event": "Model loaded successfully. API ready.", "logger": "ml-backend", "level": "info", "timestamp": "2026-05-19T00:45:03.380291Z"}
2026-05-19 03:49:52,632 - ml-backend - ERROR - {"event": "Model load failed for brain: 'collections.OrderedDict' object has no attribute 'eval'", "logger": "ml-backend", "level": "error", "timestamp": "2026-05-19T00:49:52.631946Z"}
2026-05-19 03:49:52,697 - ml-backend - ERROR - {"event": "Model load failed for breast: 'collections.OrderedDict' object has no attribute 'eval'", "logger": "ml-backend", "level": "error", "timestamp": "2026-05-19T00:49:52.697084Z"}
2026-05-19 03:49:52,708 - ml-backend - ERROR - {"event": "Model load failed for xray: Can't get attribute 'PneumoniaCNN' on <module 'uvicorn.__main__' from 'C:\\\\Users\\\\grand\\\\AppData\\\\Roaming\\\\Python\\\\Python312\\\\site-packages\\\\uvicorn\\\\__main__.py'>", "logger": "ml-backend", "level": "error", "timestamp": "2026-05-19T00:49:52.708823Z"}
2026-05-19 03:49:52,801 - ml-backend - INFO - {"event": "Sklearn/Joblib model loaded for heart", "logger": "ml-backend", "level": "info", "timestamp": "2026-05-19T00:49:52.801813Z"}
2026-05-19 03:49:52,942 - ml-backend - INFO - {"event": "Sklearn/Joblib model loaded for diabetes", "logger": "ml-backend", "level": "info", "timestamp": "2026-05-19T00:49:52.942165Z"}
2026-05-19 03:49:52,944 - ml-backend - ERROR - {"event": "Prediction failed: Model for brain is not loaded or missing.", "logger": "ml-backend", "level": "error", "timestamp": "2026-05-19T00:49:52.944227Z"}
2026-05-19 07:48:55,618 - ml-backend - INFO - {"event": "PyTorch model loaded successfully for brain on cpu", "logger": "ml-backend", "level": "info", "timestamp": "2026-05-19T04:48:55.618952Z"}
2026-05-19 07:48:55,636 - ml-backend - INFO - {"event": "PyTorch model loaded successfully for breast on cpu", "logger": "ml-backend", "level": "info", "timestamp": "2026-05-19T04:48:55.636654Z"}
2026-05-19 07:48:55,647 - ml-backend - INFO - {"event": "PyTorch model loaded successfully for xray on cpu", "logger": "ml-backend", "level": "info", "timestamp": "2026-05-19T04:48:55.647047Z"}
2026-05-19 07:48:59,225 - ml-backend - INFO - {"event": "Sklearn/Joblib model loaded for heart", "logger": "ml-backend", "level": "info", "timestamp": "2026-05-19T04:48:59.225240Z"}
2026-05-19 07:48:59,514 - ml-backend - INFO - {"event": "Sklearn/Joblib model loaded for diabetes", "logger": "ml-backend", "level": "info", "timestamp": "2026-05-19T04:48:59.514149Z"}
2026-05-19 09:29:06,829 - ml-backend - ERROR - {"event": "Model load failed for brain: 'collections.OrderedDict' object has no attribute 'eval'", "logger": "ml-backend", "level": "error", "timestamp": "2026-05-19T06:29:06.828925Z"}
2026-05-19 09:29:07,026 - ml-backend - ERROR - {"event": "Model load failed for breast: 'collections.OrderedDict' object has no attribute 'eval'", "logger": "ml-backend", "level": "error", "timestamp": "2026-05-19T06:29:07.026557Z"}
2026-05-19 09:29:07,092 - ml-backend - ERROR - {"event": "Model load failed for xray: Can't get attribute 'PneumoniaCNN' on <module 'uvicorn.__main__' from 'C:\\\\Users\\\\grand\\\\AppData\\\\Roaming\\\\Python\\\\Python312\\\\site-packages\\\\uvicorn\\\\__main__.py'>", "logger": "ml-backend", "level": "error", "timestamp": "2026-05-19T06:29:07.091479Z"}
2026-05-19 09:29:07,511 - ml-backend - INFO - {"event": "Sklearn/Joblib model loaded for heart", "logger": "ml-backend", "level": "info", "timestamp": "2026-05-19T06:29:07.511674Z"}
2026-05-19 09:29:07,744 - ml-backend - INFO - {"event": "Sklearn/Joblib model loaded for diabetes", "logger": "ml-backend", "level": "info", "timestamp": "2026-05-19T06:29:07.744932Z"}
2026-05-19 09:29:07,746 - ml-backend - ERROR - {"event": "Prediction failed: Model for brain is not loaded or missing.", "logger": "ml-backend", "level": "error", "timestamp": "2026-05-19T06:29:07.745949Z"}
2026-05-19 09:31:28,159 - ml-backend - INFO - {"event": "PyTorch model loaded successfully for brain on cpu", "logger": "ml-backend", "level": "info", "timestamp": "2026-05-19T06:31:28.159771Z"}
2026-05-19 09:31:28,183 - ml-backend - INFO - {"event": "PyTorch model loaded successfully for breast on cpu", "logger": "ml-backend", "level": "info", "timestamp": "2026-05-19T06:31:28.183925Z"}
2026-05-19 09:31:28,195 - ml-backend - INFO - {"event": "PyTorch model loaded successfully for xray on cpu", "logger": "ml-backend", "level": "info", "timestamp": "2026-05-19T06:31:28.195613Z"}
2026-05-19 09:31:31,827 - ml-backend - INFO - {"event": "Sklearn/Joblib model loaded for heart", "logger": "ml-backend", "level": "info", "timestamp": "2026-05-19T06:31:31.827697Z"}
2026-05-19 09:31:32,131 - ml-backend - INFO - {"event": "Sklearn/Joblib model loaded for diabetes", "logger": "ml-backend", "level": "info", "timestamp": "2026-05-19T06:31:32.131717Z"}
2026-05-19 09:32:37,382 - ml-backend - INFO - {"event": "PyTorch model loaded successfully for brain on cpu", "logger": "ml-backend", "level": "info", "timestamp": "2026-05-19T06:32:37.382674Z"}
2026-05-19 09:32:37,416 - ml-backend - INFO - {"event": "PyTorch model loaded successfully for breast on cpu", "logger": "ml-backend", "level": "info", "timestamp": "2026-05-19T06:32:37.416932Z"}
2026-05-19 09:32:37,425 - ml-backend - INFO - {"event": "PyTorch model loaded successfully for xray on cpu", "logger": "ml-backend", "level": "info", "timestamp": "2026-05-19T06:32:37.425772Z"}
2026-05-19 09:32:40,206 - ml-backend - INFO - {"event": "Sklearn/Joblib model loaded for heart", "logger": "ml-backend", "level": "info", "timestamp": "2026-05-19T06:32:40.206034Z"}
2026-05-19 09:32:40,395 - ml-backend - INFO - {"event": "Sklearn/Joblib model loaded for diabetes", "logger": "ml-backend", "level": "info", "timestamp": "2026-05-19T06:32:40.395621Z"}
2026-05-19 09:32:40,920 - ml-backend - INFO - {"event": "Prediction completed for brain: Meningioma (1.00)", "logger": "ml-backend", "level": "info", "timestamp": "2026-05-19T06:32:40.920935Z"}
2026-05-19 09:32:40,939 - ml-backend - INFO - {"event": "Prediction completed for breast: Benign (1.00)", "logger": "ml-backend", "level": "info", "timestamp": "2026-05-19T06:32:40.939037Z"}
2026-05-19 09:32:40,988 - ml-backend - INFO - {"event": "Prediction completed for xray: Pneumonia (0.98)", "logger": "ml-backend", "level": "info", "timestamp": "2026-05-19T06:32:40.988414Z"}
2026-05-19 09:34:05,109 - ml-backend - INFO - {"event": "PyTorch model loaded successfully for brain on cpu", "logger": "ml-backend", "level": "info", "timestamp": "2026-05-19T06:34:05.109662Z"}
2026-05-19 09:34:05,133 - ml-backend - INFO - {"event": "PyTorch model loaded successfully for breast on cpu", "logger": "ml-backend", "level": "info", "timestamp": "2026-05-19T06:34:05.133048Z"}
2026-05-19 09:34:05,142 - ml-backend - INFO - {"event": "PyTorch model loaded successfully for xray on cpu", "logger": "ml-backend", "level": "info", "timestamp": "2026-05-19T06:34:05.142955Z"}
2026-05-19 09:34:07,557 - ml-backend - INFO - {"event": "Sklearn/Joblib model loaded for heart", "logger": "ml-backend", "level": "info", "timestamp": "2026-05-19T06:34:07.557036Z"}
2026-05-19 09:34:07,733 - ml-backend - INFO - {"event": "Sklearn/Joblib model loaded for diabetes", "logger": "ml-backend", "level": "info", "timestamp": "2026-05-19T06:34:07.733304Z"}
2026-05-19 09:34:35,413 - ml-backend - INFO - {"event": "PyTorch model loaded successfully for brain on cpu", "logger": "ml-backend", "level": "info", "timestamp": "2026-05-19T06:34:35.413828Z"}
2026-05-19 09:34:35,439 - ml-backend - INFO - {"event": "PyTorch model loaded successfully for breast on cpu", "logger": "ml-backend", "level": "info", "timestamp": "2026-05-19T06:34:35.439281Z"}
2026-05-19 09:34:35,449 - ml-backend - INFO - {"event": "PyTorch model loaded successfully for xray on cpu", "logger": "ml-backend", "level": "info", "timestamp": "2026-05-19T06:34:35.448473Z"}
2026-05-19 09:34:39,137 - ml-backend - INFO - {"event": "Sklearn/Joblib model loaded for heart", "logger": "ml-backend", "level": "info", "timestamp": "2026-05-19T06:34:39.137716Z"}
2026-05-19 09:34:39,413 - ml-backend - INFO - {"event": "Sklearn/Joblib model loaded for diabetes", "logger": "ml-backend", "level": "info", "timestamp": "2026-05-19T06:34:39.413667Z"}
2026-05-19 09:38:08,499 - ml-backend - INFO - {"event": "PyTorch model loaded successfully for brain on cpu", "logger": "ml-backend", "level": "info", "timestamp": "2026-05-19T06:38:08.499735Z"}
2026-05-19 09:38:08,525 - ml-backend - INFO - {"event": "PyTorch model loaded successfully for breast on cpu", "logger": "ml-backend", "level": "info", "timestamp": "2026-05-19T06:38:08.524287Z"}
2026-05-19 09:38:08,537 - ml-backend - INFO - {"event": "PyTorch model loaded successfully for xray on cpu", "logger": "ml-backend", "level": "info", "timestamp": "2026-05-19T06:38:08.536553Z"}
2026-05-19 09:38:11,113 - ml-backend - INFO - {"event": "Sklearn/Joblib model loaded for heart", "logger": "ml-backend", "level": "info", "timestamp": "2026-05-19T06:38:11.113693Z"}
2026-05-19 09:38:11,297 - ml-backend - INFO - {"event": "Sklearn/Joblib model loaded for diabetes", "logger": "ml-backend", "level": "info", "timestamp": "2026-05-19T06:38:11.296547Z"}
2026-05-19 09:38:11,320 - ml-backend - INFO - {"event": "Prediction completed for heart: Low Risk (0.98)", "logger": "ml-backend", "level": "info", "timestamp": "2026-05-19T06:38:11.320835Z"}
2026-05-19 09:39:09,779 - ml-backend - INFO - {"event": "PyTorch model loaded successfully for brain on cpu", "logger": "ml-backend", "level": "info", "timestamp": "2026-05-19T06:39:09.779091Z"}
2026-05-19 09:39:09,802 - ml-backend - INFO - {"event": "PyTorch model loaded successfully for breast on cpu", "logger": "ml-backend", "level": "info", "timestamp": "2026-05-19T06:39:09.802276Z"}
2026-05-19 09:39:09,812 - ml-backend - INFO - {"event": "PyTorch model loaded successfully for xray on cpu", "logger": "ml-backend", "level": "info", "timestamp": "2026-05-19T06:39:09.812184Z"}
2026-05-19 09:39:11,895 - ml-backend - INFO - {"event": "Sklearn/Joblib model loaded for heart", "logger": "ml-backend", "level": "info", "timestamp": "2026-05-19T06:39:11.895807Z"}
2026-05-19 09:39:12,064 - ml-backend - INFO - {"event": "Sklearn/Joblib model loaded for diabetes", "logger": "ml-backend", "level": "info", "timestamp": "2026-05-19T06:39:12.064584Z"}
2026-05-19 09:39:12,068 - ml-backend - INFO - {"event": "Prediction completed for heart: Low Risk (0.98)", "logger": "ml-backend", "level": "info", "timestamp": "2026-05-19T06:39:12.068715Z"}
2026-05-19 09:39:12,071 - ml-backend - INFO - {"event": "Prediction completed for diabetes: Negative (0.79)", "logger": "ml-backend", "level": "info", "timestamp": "2026-05-19T06:39:12.071009Z"}
2026-05-19 09:39:12,150 - ml-backend - INFO - {"event": "Prediction completed for heart: Low Risk (0.72)", "logger": "ml-backend", "level": "info", "timestamp": "2026-05-19T06:39:12.150209Z"}
2026-05-19 09:42:20,782 - ml-backend - INFO - {"event": "Starting FastAPI backend...", "logger": "ml-backend", "level": "info", "timestamp": "2026-05-19T06:42:20.781532Z"}
2026-05-19 09:42:24,126 - ml-backend - INFO - {"event": "PyTorch model loaded successfully for brain on cpu", "logger": "ml-backend", "level": "info", "timestamp": "2026-05-19T06:42:24.126011Z"}
2026-05-19 09:42:24,240 - ml-backend - INFO - {"event": "PyTorch model loaded successfully for breast on cpu", "logger": "ml-backend", "level": "info", "timestamp": "2026-05-19T06:42:24.240991Z"}
2026-05-19 09:42:24,264 - ml-backend - INFO - {"event": "PyTorch model loaded successfully for xray on cpu", "logger": "ml-backend", "level": "info", "timestamp": "2026-05-19T06:42:24.264142Z"}
2026-05-19 09:42:29,257 - ml-backend - INFO - {"event": "Sklearn/Joblib model loaded for heart", "logger": "ml-backend", "level": "info", "timestamp": "2026-05-19T06:42:29.257013Z"}
2026-05-19 09:42:29,609 - ml-backend - INFO - {"event": "Sklearn/Joblib model loaded for diabetes", "logger": "ml-backend", "level": "info", "timestamp": "2026-05-19T06:42:29.609472Z"}
2026-05-19 09:42:29,611 - ml-backend - INFO - {"event": "Model loaded successfully. API ready.", "logger": "ml-backend", "level": "info", "timestamp": "2026-05-19T06:42:29.611488Z"}
2026-05-19 09:42:50,739 - ml-backend - ERROR - {"event": "Model load failed for brain: 'collections.OrderedDict' object has no attribute 'eval'", "logger": "ml-backend", "level": "error", "timestamp": "2026-05-19T06:42:50.739278Z"}
2026-05-19 09:42:50,769 - ml-backend - ERROR - {"event": "Model load failed for breast: 'collections.OrderedDict' object has no attribute 'eval'", "logger": "ml-backend", "level": "error", "timestamp": "2026-05-19T06:42:50.766800Z"}
2026-05-19 09:42:50,774 - ml-backend - ERROR - {"event": "Model load failed for xray: Can't get attribute 'PneumoniaCNN' on <module 'uvicorn.__main__' from 'C:\\\\Users\\\\grand\\\\AppData\\\\Roaming\\\\Python\\\\Python312\\\\site-packages\\\\uvicorn\\\\__main__.py'>", "logger": "ml-backend", "level": "error", "timestamp": "2026-05-19T06:42:50.773826Z"}
2026-05-19 09:42:50,833 - ml-backend - INFO - {"event": "Sklearn/Joblib model loaded for heart", "logger": "ml-backend", "level": "info", "timestamp": "2026-05-19T06:42:50.833601Z"}
2026-05-19 09:42:50,884 - ml-backend - INFO - {"event": "Sklearn/Joblib model loaded for diabetes", "logger": "ml-backend", "level": "info", "timestamp": "2026-05-19T06:42:50.884485Z"}
2026-05-19 09:42:50,885 - ml-backend - ERROR - {"event": "Prediction failed: Model for brain is not loaded or missing.", "logger": "ml-backend", "level": "error", "timestamp": "2026-05-19T06:42:50.884997Z"}
2026-05-19 09:43:48,661 - ml-backend - ERROR - {"event": "Model load failed for brain: 'collections.OrderedDict' object has no attribute 'eval'", "logger": "ml-backend", "level": "error", "timestamp": "2026-05-19T06:43:48.661320Z"}
2026-05-19 09:43:48,692 - ml-backend - ERROR - {"event": "Model load failed for breast: 'collections.OrderedDict' object has no attribute 'eval'", "logger": "ml-backend", "level": "error", "timestamp": "2026-05-19T06:43:48.692859Z"}
2026-05-19 09:43:48,700 - ml-backend - ERROR - {"event": "Model load failed for xray: Can't get attribute 'PneumoniaCNN' on <module 'uvicorn.__main__' from 'C:\\\\Users\\\\grand\\\\AppData\\\\Roaming\\\\Python\\\\Python312\\\\site-packages\\\\uvicorn\\\\__main__.py'>", "logger": "ml-backend", "level": "error", "timestamp": "2026-05-19T06:43:48.700189Z"}
2026-05-19 09:43:48,751 - ml-backend - INFO - {"event": "Sklearn/Joblib model loaded for heart", "logger": "ml-backend", "level": "info", "timestamp": "2026-05-19T06:43:48.751784Z"}
2026-05-19 09:43:48,794 - ml-backend - INFO - {"event": "Sklearn/Joblib model loaded for diabetes", "logger": "ml-backend", "level": "info", "timestamp": "2026-05-19T06:43:48.794499Z"}
2026-05-19 09:43:48,796 - ml-backend - ERROR - {"event": "Prediction failed: Model for brain is not loaded or missing.", "logger": "ml-backend", "level": "error", "timestamp": "2026-05-19T06:43:48.795309Z"}
2026-05-19 09:44:18,004 - ml-backend - ERROR - {"event": "Model load failed for brain: 'collections.OrderedDict' object has no attribute 'eval'", "logger": "ml-backend", "level": "error", "timestamp": "2026-05-19T06:44:18.004449Z"}
2026-05-19 09:44:18,025 - ml-backend - ERROR - {"event": "Model load failed for breast: 'collections.OrderedDict' object has no attribute 'eval'", "logger": "ml-backend", "level": "error", "timestamp": "2026-05-19T06:44:18.020715Z"}
2026-05-19 09:44:18,032 - ml-backend - ERROR - {"event": "Model load failed for xray: Can't get attribute 'PneumoniaCNN' on <module 'uvicorn.__main__' from 'C:\\\\Users\\\\grand\\\\AppData\\\\Roaming\\\\Python\\\\Python312\\\\site-packages\\\\uvicorn\\\\__main__.py'>", "logger": "ml-backend", "level": "error", "timestamp": "2026-05-19T06:44:18.032179Z"}
2026-05-19 09:44:18,066 - ml-backend - INFO - {"event": "Sklearn/Joblib model loaded for heart", "logger": "ml-backend", "level": "info", "timestamp": "2026-05-19T06:44:18.065421Z"}
2026-05-19 09:44:18,090 - ml-backend - INFO - {"event": "Sklearn/Joblib model loaded for diabetes", "logger": "ml-backend", "level": "info", "timestamp": "2026-05-19T06:44:18.090539Z"}
2026-05-19 09:44:18,093 - ml-backend - ERROR - {"event": "Prediction failed: Model for xray is not loaded or missing.", "logger": "ml-backend", "level": "error", "timestamp": "2026-05-19T06:44:18.090539Z"}
2026-05-19 09:45:32,511 - ml-backend - INFO - {"event": "Starting FastAPI backend...", "logger": "ml-backend", "level": "info", "timestamp": "2026-05-19T06:45:32.511626Z"}
2026-05-19 09:45:33,126 - ml-backend - INFO - {"event": "PyTorch model loaded successfully for brain on cpu", "logger": "ml-backend", "level": "info", "timestamp": "2026-05-19T06:45:33.126648Z"}
2026-05-19 09:45:33,147 - ml-backend - INFO - {"event": "PyTorch model loaded successfully for breast on cpu", "logger": "ml-backend", "level": "info", "timestamp": "2026-05-19T06:45:33.147499Z"}
2026-05-19 09:45:33,156 - ml-backend - INFO - {"event": "PyTorch model loaded successfully for xray on cpu", "logger": "ml-backend", "level": "info", "timestamp": "2026-05-19T06:45:33.156796Z"}
2026-05-19 09:45:35,678 - ml-backend - INFO - {"event": "Sklearn/Joblib model loaded for heart", "logger": "ml-backend", "level": "info", "timestamp": "2026-05-19T06:45:35.678884Z"}
2026-05-19 09:45:35,881 - ml-backend - INFO - {"event": "Sklearn/Joblib model loaded for diabetes", "logger": "ml-backend", "level": "info", "timestamp": "2026-05-19T06:45:35.881639Z"}
2026-05-19 09:45:35,882 - ml-backend - INFO - {"event": "Model loaded successfully. API ready.", "logger": "ml-backend", "level": "info", "timestamp": "2026-05-19T06:45:35.882188Z"}
2026-05-19 09:50:50,467 - ml-backend - INFO - {"event": "Starting FastAPI backend...", "logger": "ml-backend", "level": "info", "timestamp": "2026-05-19T06:50:50.467211Z"}
2026-05-19 09:50:51,019 - ml-backend - INFO - {"event": "PyTorch model loaded successfully for brain on cpu", "logger": "ml-backend", "level": "info", "timestamp": "2026-05-19T06:50:51.019332Z"}
2026-05-19 09:50:51,052 - ml-backend - INFO - {"event": "PyTorch model loaded successfully for breast on cpu", "logger": "ml-backend", "level": "info", "timestamp": "2026-05-19T06:50:51.052836Z"}
2026-05-19 09:50:51,070 - ml-backend - INFO - {"event": "PyTorch model loaded successfully for xray on cpu", "logger": "ml-backend", "level": "info", "timestamp": "2026-05-19T06:50:51.070984Z"}
2026-05-19 09:50:53,441 - ml-backend - INFO - {"event": "Sklearn/Joblib model loaded for heart", "logger": "ml-backend", "level": "info", "timestamp": "2026-05-19T06:50:53.441090Z"}
2026-05-19 09:50:53,607 - ml-backend - INFO - {"event": "Sklearn/Joblib model loaded for diabetes", "logger": "ml-backend", "level": "info", "timestamp": "2026-05-19T06:50:53.606791Z"}
2026-05-19 09:50:53,607 - ml-backend - INFO - {"event": "Model loaded successfully. API ready.", "logger": "ml-backend", "level": "info", "timestamp": "2026-05-19T06:50:53.607791Z"}
2026-05-19 10:01:38,320 - ml-backend - INFO - {"event": "Prediction completed for brain: Glioma (0.83)", "logger": "ml-backend", "level": "info", "timestamp": "2026-05-19T07:01:38.320561Z"}
2026-05-19 10:49:38,475 - ml-backend - INFO - {"event": "Prediction completed for brain: Pituitary (0.97)", "logger": "ml-backend", "level": "info", "timestamp": "2026-05-19T07:49:38.475912Z"}
2026-05-19 10:50:15,248 - ml-backend - INFO - {"event": "Prediction completed for xray: Normal (0.71)", "logger": "ml-backend", "level": "info", "timestamp": "2026-05-19T07:50:15.248928Z"}
2026-05-19 10:51:13,983 - ml-backend - INFO - {"event": "Prediction completed for breast: Malignant (0.98)", "logger": "ml-backend", "level": "info", "timestamp": "2026-05-19T07:51:13.983855Z"}
2026-05-19 10:51:45,282 - ml-backend - INFO - {"event": "Prediction completed for heart: Low Risk (0.98)", "logger": "ml-backend", "level": "info", "timestamp": "2026-05-19T07:51:45.282210Z"}
2026-05-19 10:51:58,675 - ml-backend - INFO - {"event": "Prediction completed for diabetes: Negative (0.82)", "logger": "ml-backend", "level": "info", "timestamp": "2026-05-19T07:51:58.675751Z"}
